[1337733283467][INFO]:    ChromeDriver 18.0.995.0
[1337733284403][FINE]:    Initializing session with capabilities {
   "browserName": "chrome",
   "javascriptEnabled": true,
   "platform": "ANY",
   "version": ""
}

[1337733284404][INFO]:    Launching chrome: /Applications/Google Chrome.app/Contents/MacOS/Google Chrome --disable-hang-monitor --disable-prompt-on-repost --dom-automation --full-memory-crash-report --no-default-browser-check --no-first-run --homepage=about:blank
[1337733285267][INFO]:    Connected to Chrome successfully. Version: 19.0.1084.46
[1337733285289][FINE]:    Command received (/session/ccbb78b0a49fdb07df2d5334dc44720a)
[1337733285289][FINE]:    Command finished (/session/ccbb78b0a49fdb07df2d5334dc44720a) with response {
   "sessionId": "ccbb78b0a49fdb07df2d5334dc44720a",
   "status": 0,
   "value": {
      "acceptSslCerts": false,
      "applicationCacheEnabled": false,
      "browserConnectionEnabled": false,
      "browserName": "chrome",
      "chrome.chromedriverVersion": "18.0.995.0",
      "chrome.nativeEvents": false,
      "cssSelectorsEnabled": true,
      "databaseEnabled": false,
      "handlesAlerts": true,
      "javascriptEnabled": true,
      "locationContextEnabled": false,
      "nativeEvents": true,
      "platform": "mac",
      "rotatable": false,
      "takesScreenshot": true,
      "version": "19.0.1084.46",
      "webStorageEnabled": false
   }
}

[1337733287461][FINE]:    Command received (/session/ccbb78b0a49fdb07df2d5334dc44720a)
